<?xml version="1.0" encoding="utf-8"?><testsuites name="pytest tests"><testsuite name="pytest" errors="0" failures="0" skipped="0" tests="19" time="4.414" timestamp="2026-06-19T14:11:54.729092+00:00" hostname="agent-env-e4c54816-bd12-4da1-b088-41559bf36dcb"><testcase classname="backend.tests.backend_test.TestHealth" name="test_root" time="0.285" /><testcase classname="backend.tests.backend_test.TestAuth" name="test_register_new_user" time="0.366" /><testcase classname="backend.tests.backend_test.TestAuth" name="test_register_duplicate_email" time="0.532" /><testcase classname="backend.tests.backend_test.TestAuth" name="test_login_admin_success" time="0.332" /><testcase classname="backend.tests.backend_test.TestAuth" name="test_login_wrong_password" time="0.360" /><testcase classname="backend.tests.backend_test.TestAuth" name="test_me_without_token" time="0.145" /><testcase classname="backend.tests.backend_test.TestAuth" name="test_me_with_token" time="0.095" /><testcase classname="backend.tests.backend_test.TestDocuments" name="test_upload_non_pdf_rejected" time="0.101" /><testcase classname="backend.tests.backend_test.TestDocuments" name="test_upload_pdf_success" time="0.130" /><testcase classname="backend.tests.backend_test.TestDocuments" name="test_list_documents" time="0.100" /><testcase classname="backend.tests.backend_test.TestDocuments" name="test_list_documents_isolated_per_user" time="0.432" /><testcase classname="backend.tests.backend_test.TestDocuments" name="test_get_document_details" time="0.111" /><testcase classname="backend.tests.backend_test.TestDocuments" name="test_download_original" time="0.112" /><testcase classname="backend.tests.backend_test.TestSigning" name="test_create_signature_request" time="0.353" /><testcase classname="backend.tests.backend_test.TestSigning" name="test_public_get_request_no_auth" time="0.100" /><testcase classname="backend.tests.backend_test.TestSigning" name="test_public_get_file_no_auth" time="0.138" /><testcase classname="backend.tests.backend_test.TestSigning" name="test_public_submit_signature" time="0.322" /><testcase classname="backend.tests.backend_test.TestSigning" name="test_public_submit_already_signed" time="0.097" /><testcase classname="backend.tests.backend_test.TestDashboard" name="test_stats" time="0.098" /></testsuite></testsuites>